<?xml version="1.0" encoding="UTF-8"?>
<!-- Generated by org.testng.reporters.JUnitReportReporter -->
<testsuite skipped="0" hostname="DESKTOP-758DEB6" name="testcases.VerifyLogin" tests="2" failures="0" timestamp="2021-11-13T23:27:45 IST" time="9.242" errors="0">
  <testcase name="runVerifyLogin" time="3.241" classname="testcases.VerifyLogin"/>
  <system-out/>
  <testcase name="runVerifyLogin" time="6.001" classname="testcases.VerifyLogin"/>
  <system-out/>
</testsuite> <!-- testcases.VerifyLogin -->
