<?xml version="1.0" encoding="UTF-8"?>
<!-- Generated by org.testng.reporters.JUnitReportReporter -->
<testsuite skipped="0" hostname="DESKTOP-758DEB6" name="testcases.CreateLead" tests="2" failures="0" timestamp="2021-11-13T23:27:45 IST" time="24.873" errors="0">
  <testcase name="runCreateLead" time="9.787" classname="testcases.CreateLead"/>
  <system-out/>
  <testcase name="runCreateLead" time="15.086" classname="testcases.CreateLead"/>
  <system-out/>
</testsuite> <!-- testcases.CreateLead -->
